<?xml version="1.0" encoding="UTF-8"?>
<testng-results ignored="0" total="1" passed="1" failed="0" skipped="0">
  <reporter-output>
    <line>
      <![CDATA[Launch Browser]]>
    </line>
    <line>
      <![CDATA[Enter user name]]>
    </line>
    <line>
      <![CDATA[Enter the password]]>
    </line>
    <line>
      <![CDATA[Login User ]]>
    </line>
    <line>
      <![CDATA[Enter the pin]]>
    </line>
    <line>
      <![CDATA[click on continue butten]]>
    </line>
    <line>
      <![CDATA[Actual and Expected are matching then TC is Passed]]>
    </line>
    <line>
      <![CDATA[user logout]]>
    </line>
  </reporter-output>
  <suite started-at="2022-07-04T14:05:28 IST" name="Default suite" finished-at="2022-07-04T14:05:43 IST" duration-ms="15142">
    <groups>
    </groups>
    <test started-at="2022-07-04T14:05:28 IST" name="Default test" finished-at="2022-07-04T14:05:43 IST" duration-ms="15142">
      <class name="TestNG_Kite_POM_Excel.Kite_POM_Testing_TestNG">
        <test-method is-config="true" signature="LaunchBrowser()[pri:0, instance:TestNG_Kite_POM_Excel.Kite_POM_Testing_TestNG@1151e434]" started-at="2022-07-04T14:05:28 IST" name="LaunchBrowser" finished-at="2022-07-04T14:05:35 IST" duration-ms="7456" status="PASS">
          <reporter-output>
            <line>
              <![CDATA[Launch Browser]]>
            </line>
          </reporter-output>
        </test-method> <!-- LaunchBrowser -->
        <test-method is-config="true" signature="beforeMethod()[pri:0, instance:TestNG_Kite_POM_Excel.Kite_POM_Testing_TestNG@1151e434]" started-at="2022-07-04T14:05:35 IST" name="beforeMethod" finished-at="2022-07-04T14:05:39 IST" duration-ms="3489" status="PASS">
          <reporter-output>
            <line>
              <![CDATA[Enter user name]]>
            </line>
            <line>
              <![CDATA[Enter the password]]>
            </line>
            <line>
              <![CDATA[Login User ]]>
            </line>
            <line>
              <![CDATA[Enter the pin]]>
            </line>
            <line>
              <![CDATA[click on continue butten]]>
            </line>
          </reporter-output>
        </test-method> <!-- beforeMethod -->
        <test-method signature="myTest()[pri:0, instance:TestNG_Kite_POM_Excel.Kite_POM_Testing_TestNG@1151e434]" started-at="2022-07-04T14:05:39 IST" name="myTest" finished-at="2022-07-04T14:05:41 IST" duration-ms="2150" status="PASS">
          <reporter-output>
            <line>
              <![CDATA[Actual and Expected are matching then TC is Passed]]>
            </line>
          </reporter-output>
        </test-method> <!-- myTest -->
        <test-method is-config="true" signature="afterMethod()[pri:0, instance:TestNG_Kite_POM_Excel.Kite_POM_Testing_TestNG@1151e434]" started-at="2022-07-04T14:05:41 IST" name="afterMethod" finished-at="2022-07-04T14:05:43 IST" duration-ms="1725" status="PASS">
          <reporter-output>
            <line>
              <![CDATA[user logout]]>
            </line>
          </reporter-output>
        </test-method> <!-- afterMethod -->
        <test-method is-config="true" signature="afterClass()[pri:0, instance:TestNG_Kite_POM_Excel.Kite_POM_Testing_TestNG@1151e434]" started-at="2022-07-04T14:05:43 IST" name="afterClass" finished-at="2022-07-04T14:05:43 IST" duration-ms="226" status="PASS">
          <reporter-output>
          </reporter-output>
        </test-method> <!-- afterClass -->
      </class> <!-- TestNG_Kite_POM_Excel.Kite_POM_Testing_TestNG -->
    </test> <!-- Default test -->
  </suite> <!-- Default suite -->
</testng-results>
